Determining if the pthread_create exist failed with the following output:
Change Dir: /home/jpai/Desktop/sensors/build/CMakeFiles/CMakeTmp

Run Build Command:/usr/bin/make "cmTryCompileExec3811592500/fast"
/usr/bin/make -f CMakeFiles/cmTryCompileExec3811592500.dir/build.make CMakeFiles/cmTryCompileExec3811592500.dir/build
make[1]: Entering directory `/home/jpai/Desktop/sensors/build/CMakeFiles/CMakeTmp'
/usr/bin/cmake -E cmake_progress_report /home/jpai/Desktop/sensors/build/CMakeFiles/CMakeTmp/CMakeFiles 1
Building C object CMakeFiles/cmTryCompileExec3811592500.dir/CheckSymbolExists.c.o
/usr/bin/cc    -o CMakeFiles/cmTryCompileExec3811592500.dir/CheckSymbolExists.c.o   -c /home/jpai/Desktop/sensors/build/CMakeFiles/CMakeTmp/CheckSymbolExists.c
Linking C executable cmTryCompileExec3811592500
/usr/bin/cmake -E cmake_link_script CMakeFiles/cmTryCompileExec3811592500.dir/link.txt --verbose=1
/usr/bin/cc       CMakeFiles/cmTryCompileExec3811592500.dir/CheckSymbolExists.c.o  -o cmTryCompileExec3811592500 -rdynamic 
CMakeFiles/cmTryCompileExec3811592500.dir/CheckSymbolExists.c.o: In function `main':
CheckSymbolExists.c:(.text+0xa): undefined reference to `pthread_create'
collect2: error: ld returned 1 exit status
make[1]: Leaving directory `/home/jpai/Desktop/sensors/build/CMakeFiles/CMakeTmp'
make[1]: *** [cmTryCompileExec3811592500] Error 1
make: *** [cmTryCompileExec3811592500/fast] Error 2

File /home/jpai/Desktop/sensors/build/CMakeFiles/CMakeTmp/CheckSymbolExists.c:
/* */
#include <pthread.h>

int main(int argc, char** argv)
{
  (void)argv;
#ifndef pthread_create
  return ((int*)(&pthread_create))[argc];
#else
  (void)argc;
  return 0;
#endif
}

Determining if the function pthread_create exists in the pthreads failed with the following output:
Change Dir: /home/jpai/Desktop/sensors/build/CMakeFiles/CMakeTmp

Run Build Command:/usr/bin/make "cmTryCompileExec841653515/fast"
/usr/bin/make -f CMakeFiles/cmTryCompileExec841653515.dir/build.make CMakeFiles/cmTryCompileExec841653515.dir/build
make[1]: Entering directory `/home/jpai/Desktop/sensors/build/CMakeFiles/CMakeTmp'
/usr/bin/cmake -E cmake_progress_report /home/jpai/Desktop/sensors/build/CMakeFiles/CMakeTmp/CMakeFiles 1
Building C object CMakeFiles/cmTryCompileExec841653515.dir/CheckFunctionExists.c.o
/usr/bin/cc   -DCHECK_FUNCTION_EXISTS=pthread_create   -o CMakeFiles/cmTryCompileExec841653515.dir/CheckFunctionExists.c.o   -c /usr/share/cmake-2.8/Modules/CheckFunctionExists.c
Linking C executable cmTryCompileExec841653515
/usr/bin/cmake -E cmake_link_script CMakeFiles/cmTryCompileExec841653515.dir/link.txt --verbose=1
/usr/bin/cc   -DCHECK_FUNCTION_EXISTS=pthread_create    CMakeFiles/cmTryCompileExec841653515.dir/CheckFunctionExists.c.o  -o cmTryCompileExec841653515 -rdynamic -lpthreads 
/usr/bin/ld: cannot find -lpthreads
collect2: error: ld returned 1 exit status
make[1]: Leaving directory `/home/jpai/Desktop/sensors/build/CMakeFiles/CMakeTmp'
make[1]: *** [cmTryCompileExec841653515] Error 1
make: *** [cmTryCompileExec841653515/fast] Error 2


